Using pre-set license
Built from '2020.3/staging' branch; Version is '2020.3.23f1 (c5d91304a876) revision 12966163'; Using compiler version '192528614'; Build Type 'Release'
OS: 'Windows 10 Home; OS build 19042.1348; Version 2009; 64bit' Language: 'en' Physical Memory: 16251 MB
BatchMode: 1, IsHumanControllingUs: 0, StartBugReporterOnCrash: 0, Is64bit: 1, IsPro: 0

COMMAND LINE ARGUMENTS:
C:\Program Files\Unity 2020.3.23f1\Editor\Unity.exe
-adb2
-batchMode
-noUpm
-name
AssetImportWorker0
-projectPath
C:/Users/peica/Documents/GitHub/TAMUGameJamFall21/Animations Added
-logFile
Logs/AssetImportWorker0.log
-srvPort
53621
Successfully changed project path to: C:/Users/peica/Documents/GitHub/TAMUGameJamFall21/Animations Added
C:/Users/peica/Documents/GitHub/TAMUGameJamFall21/Animations Added
Using Asset Import Pipeline V2.
Refreshing native plugins compatible for Editor in 44.45 ms, found 3 plugins.
Preloading 0 native plugins for Editor in 0.00 ms.
Initialize engine version: 2020.3.23f1 (c5d91304a876)
[Subsystems] Discovering subsystems at path C:/Program Files/Unity 2020.3.23f1/Editor/Data/Resources/UnitySubsystems
[Subsystems] Discovering subsystems at path C:/Users/peica/Documents/GitHub/TAMUGameJamFall21/Animations Added/Assets
GfxDevice: creating device client; threaded=0
Direct3D:
    Version:  Direct3D 11.0 [level 11.1]
    Renderer: NVIDIA GeForce GTX 1660 Ti (ID=0x2191)
    Vendor:   
    VRAM:     5991 MB
    Driver:   27.21.14.5749
Initialize mono
Mono path[0] = 'C:/Program Files/Unity 2020.3.23f1/Editor/Data/Managed'
Mono path[1] = 'C:/Program Files/Unity 2020.3.23f1/Editor/Data/MonoBleedingEdge/lib/mono/unityjit'
Mono config path = 'C:/Program Files/Unity 2020.3.23f1/Editor/Data/MonoBleedingEdge/etc'
Using monoOptions --debugger-agent=transport=dt_socket,embedding=1,server=y,suspend=n,address=127.0.0.1:56796
Begin MonoManager ReloadAssembly
Registering precompiled unity dll's ...
Register platform support module: C:/Program Files/Unity 2020.3.23f1/Editor/Data/PlaybackEngines/WindowsStandaloneSupport/UnityEditor.WindowsStandalone.Extensions.dll
Registered in 0.002296 seconds.
Native extension for WindowsStandalone target not found
Refreshing native plugins compatible for Editor in 42.23 ms, found 3 plugins.
Preloading 0 native plugins for Editor in 0.00 ms.
Mono: successfully reloaded assembly
- Completed reload, in  0.497 seconds
Domain Reload Profiling:
	ReloadAssembly (497ms)
		BeginReloadAssembly (50ms)
			ExecutionOrderSort (0ms)
			DisableScriptedObjects (0ms)
			BackupInstance (0ms)
			ReleaseScriptingObjects (0ms)
			CreateAndSetChildDomain (1ms)
		EndReloadAssembly (383ms)
			LoadAssemblies (48ms)
			RebuildTransferFunctionScriptingTraits (0ms)
			SetupTypeCache (122ms)
			ReleaseScriptCaches (0ms)
			RebuildScriptCaches (28ms)
			SetupLoadedEditorAssemblies (149ms)
				LogAssemblyErrors (0ms)
				InitializePlatformSupportModulesInManaged (4ms)
				SetLoadedEditorAssemblies (0ms)
				RefreshPlugins (42ms)
				BeforeProcessingInitializeOnLoad (11ms)
				ProcessInitializeOnLoadAttributes (68ms)
				ProcessInitializeOnLoadMethodAttributes (24ms)
				AfterProcessingInitializeOnLoad (0ms)
				EditorAssembliesLoaded (0ms)
			ExecutionOrderSort2 (0ms)
			AwakeInstancesAfterBackupRestoration (0ms)
Platform modules already initialized, skipping
Registering precompiled user dll's ...
Registered in 0.005940 seconds.
Begin MonoManager ReloadAssembly
Native extension for WindowsStandalone target not found
Refreshing native plugins compatible for Editor in 45.68 ms, found 3 plugins.
Preloading 0 native plugins for Editor in 0.00 ms.
Mono: successfully reloaded assembly
- Completed reload, in  1.090 seconds
Domain Reload Profiling:
	ReloadAssembly (1090ms)
		BeginReloadAssembly (124ms)
			ExecutionOrderSort (0ms)
			DisableScriptedObjects (4ms)
			BackupInstance (0ms)
			ReleaseScriptingObjects (0ms)
			CreateAndSetChildDomain (16ms)
		EndReloadAssembly (910ms)
			LoadAssemblies (86ms)
			RebuildTransferFunctionScriptingTraits (0ms)
			SetupTypeCache (268ms)
			ReleaseScriptCaches (1ms)
			RebuildScriptCaches (41ms)
			SetupLoadedEditorAssemblies (406ms)
				LogAssemblyErrors (0ms)
				InitializePlatformSupportModulesInManaged (3ms)
				SetLoadedEditorAssemblies (0ms)
				RefreshPlugins (46ms)
				BeforeProcessingInitializeOnLoad (116ms)
				ProcessInitializeOnLoadAttributes (218ms)
				ProcessInitializeOnLoadMethodAttributes (16ms)
				AfterProcessingInitializeOnLoad (8ms)
				EditorAssembliesLoaded (0ms)
			ExecutionOrderSort2 (0ms)
			AwakeInstancesAfterBackupRestoration (6ms)
Platform modules already initialized, skipping
========================================================================
Worker process is ready to serve import requests
Launched and connected shader compiler UnityShaderCompiler.exe after 0.07 seconds
Refreshing native plugins compatible for Editor in 0.47 ms, found 3 plugins.
Preloading 0 native plugins for Editor in 0.00 ms.
Unloading 2503 Unused Serialized files (Serialized files now loaded: 0)
System memory in use before: 107.3 MB.
System memory in use after: 107.5 MB.

Unloading 30 unused Assets to reduce memory usage. Loaded Objects now: 2940.
Total: 3.254400 ms (FindLiveObjects: 0.248000 ms CreateObjectMapping: 0.131500 ms MarkObjects: 2.765300 ms  DeleteObjects: 0.108600 ms)

AssetImportParameters requested are different than current active one (requested -> active):
  custom:framework-win-MediaFoundation: 216162199b28c13a410421893ffa2e32 -> 
  custom:video-decoder-ogg-theora: a1e56fd34408186e4bbccfd4996cb3dc -> 
  custom:container-muxer-webm: aa71ff27fc2769a1b78a27578f13a17b -> 
  custom:container-demuxer-webm: 4f35f7cbe854078d1ac9338744f61a02 -> 
  custom:container-demuxer-ogg: 62fdf1f143b41e24485cea50d1cbac27 -> 
  custom:video-encoder-webm-vp8: eb34c28f22e8b96e1ab97ce403110664 -> 
  custom:video-codec-MediaFoundation-h265: 746d11721c4dcdbdad8f713fa42b33f4 -> 
  custom:video-decoder-webm-vp8: 9c59270c3fd7afecdb556c50c9e8de78 -> 
  custom:audio-decoder-ogg-vorbis: bf7c407c2cedff20999df2af8eb42d56 -> 
  custom:audio-encoder-webm-vorbis: bf7c407c2cedff20999df2af8eb42d56 -> 
========================================================================
Received Import Request.
  path: Assets/Scenes/Main Menu.unity
  artifactKey: Guid(f2184c4e4a270ea41b7b271ec5f57cec) Importer(815301076,1909f56bfc062723c751e8b465ee728b)
Start importing Assets/Scenes/Main Menu.unity using Guid(f2184c4e4a270ea41b7b271ec5f57cec) Importer(815301076,1909f56bfc062723c751e8b465ee728b)  -> (artifact id: '3001499dcae68eb8cedf3bd23dfd94d5') in 0.019810 seconds 
  Import took 0.023259 seconds .

========================================================================
Received Import Request.
  Time since last request: 0.000331 seconds.
  path: Assets/Scenes/SampleScene.unity
  artifactKey: Guid(efe6dde1a98ab044f95676158ce6c534) Importer(815301076,1909f56bfc062723c751e8b465ee728b)
Start importing Assets/Scenes/SampleScene.unity using Guid(efe6dde1a98ab044f95676158ce6c534) Importer(815301076,1909f56bfc062723c751e8b465ee728b)  -> (artifact id: '3c6f2ff4c272690f5eb60c2db965d047') in 0.007780 seconds 
  Import took 0.011196 seconds .

========================================================================
Received Import Request.
  Time since last request: 53.606437 seconds.
  path: Assets/Sprites/UI Assets/In-Game/ActivePowerupHolder.png
  artifactKey: Guid(e7dd7abfb5b70254ba01633a581b4f0a) Importer(815301076,1909f56bfc062723c751e8b465ee728b)
Start importing Assets/Sprites/UI Assets/In-Game/ActivePowerupHolder.png using Guid(e7dd7abfb5b70254ba01633a581b4f0a) Importer(815301076,1909f56bfc062723c751e8b465ee728b)  -> (artifact id: '39dba89620bd0b9e2c001dade5e9e177') in 0.108059 seconds 
  Import took 0.111784 seconds .

========================================================================
Received Import Request.
  Time since last request: 0.000180 seconds.
  path: Assets/Sprites/Checkpoint Assets/Checkpoint_Crossed.png
  artifactKey: Guid(92c19e066d10b2b4496a8a947c237a6b) Importer(815301076,1909f56bfc062723c751e8b465ee728b)
Start importing Assets/Sprites/Checkpoint Assets/Checkpoint_Crossed.png using Guid(92c19e066d10b2b4496a8a947c237a6b) Importer(815301076,1909f56bfc062723c751e8b465ee728b)  -> (artifact id: '9733be1eaf6f1c73a67c00401e6bb98e') in 0.016018 seconds 
  Import took 0.019644 seconds .

========================================================================
Received Import Request.
  Time since last request: 0.000222 seconds.
  path: Assets/Sprites/Platforms/platform.png
  artifactKey: Guid(528a96de4de88dc4795c824ee96426e3) Importer(815301076,1909f56bfc062723c751e8b465ee728b)
Start importing Assets/Sprites/Platforms/platform.png using Guid(528a96de4de88dc4795c824ee96426e3) Importer(815301076,1909f56bfc062723c751e8b465ee728b)  -> (artifact id: '59a70bd3f06ea4a34e958a3d450cfd51') in 0.014949 seconds 
  Import took 0.018398 seconds .

========================================================================
Received Import Request.
  Time since last request: 0.000208 seconds.
  path: Assets/Sprites/UI Assets/Menu/main menu.png
  artifactKey: Guid(7da7a63840c67f94cad60d02131c10cc) Importer(815301076,1909f56bfc062723c751e8b465ee728b)
Start importing Assets/Sprites/UI Assets/Menu/main menu.png using Guid(7da7a63840c67f94cad60d02131c10cc) Importer(815301076,1909f56bfc062723c751e8b465ee728b)  -> (artifact id: '7d3ac308f097e945b2722326e2446017') in 0.016326 seconds 
  Import took 0.020732 seconds .

========================================================================
Received Import Request.
  Time since last request: 0.000189 seconds.
  path: Assets/Sprites/UI Assets/Menu/play button.png
  artifactKey: Guid(891e93fe9f03e0b4bab48a91bf269bf7) Importer(815301076,1909f56bfc062723c751e8b465ee728b)
Start importing Assets/Sprites/UI Assets/Menu/play button.png using Guid(891e93fe9f03e0b4bab48a91bf269bf7) Importer(815301076,1909f56bfc062723c751e8b465ee728b)  -> (artifact id: 'dc42593e76c83b2f29d3392a6068cfbf') in 0.015551 seconds 
  Import took 0.019350 seconds .

========================================================================
Received Import Request.
  Time since last request: 0.000175 seconds.
  path: Assets/Sprites/Power-up Assets/Mystery Battery.png
  artifactKey: Guid(33458a9522b568f4091dd3263b85de2b) Importer(815301076,1909f56bfc062723c751e8b465ee728b)
Start importing Assets/Sprites/Power-up Assets/Mystery Battery.png using Guid(33458a9522b568f4091dd3263b85de2b) Importer(815301076,1909f56bfc062723c751e8b465ee728b)  -> (artifact id: '64acd17c0719d2deeac0d1891d50b401') in 0.015765 seconds 
  Import took 0.019237 seconds .

========================================================================
Received Import Request.
  Time since last request: 0.000188 seconds.
  path: Assets/Sprites/Checkpoint Assets/Checkpoint_NotCrossed.png
  artifactKey: Guid(aca06e34b45d06a409ccadd541beeca1) Importer(815301076,1909f56bfc062723c751e8b465ee728b)
Start importing Assets/Sprites/Checkpoint Assets/Checkpoint_NotCrossed.png using Guid(aca06e34b45d06a409ccadd541beeca1) Importer(815301076,1909f56bfc062723c751e8b465ee728b)  -> (artifact id: 'c29a447cfe41b4492246c66303cd27fa') in 0.014473 seconds 
  Import took 0.018093 seconds .

========================================================================
Received Import Request.
  Time since last request: 0.872642 seconds.
  path: Assets/Sprites/UI Assets/In-Game/Player1_HeldPowerup.png
  artifactKey: Guid(fc25257e30e4be141bf21306759d3053) Importer(815301076,1909f56bfc062723c751e8b465ee728b)
Start importing Assets/Sprites/UI Assets/In-Game/Player1_HeldPowerup.png using Guid(fc25257e30e4be141bf21306759d3053) Importer(815301076,1909f56bfc062723c751e8b465ee728b)  -> (artifact id: 'b3d0a1dc4f5f71320ba1dbe1cae4b6b9') in 0.016725 seconds 
  Import took 0.021903 seconds .

========================================================================
Received Import Request.
  Time since last request: 0.055769 seconds.
  path: Assets/Sprites/Player1 Assets/Player1_WallGrip.png
  artifactKey: Guid(5d20e901b51c212489328e288a780830) Importer(815301076,1909f56bfc062723c751e8b465ee728b)
Start importing Assets/Sprites/Player1 Assets/Player1_WallGrip.png using Guid(5d20e901b51c212489328e288a780830) Importer(815301076,1909f56bfc062723c751e8b465ee728b)  -> (artifact id: 'cbd3892f042e729913849406533f6aa3') in 0.015322 seconds 
  Import took 0.018875 seconds .

========================================================================
Received Import Request.
  Time since last request: 0.000207 seconds.
  path: Assets/Sprites/UI Assets/In-Game/Player2_HeldPowerup.png
  artifactKey: Guid(1cfd29d908114ec428fcc645fd9d8b27) Importer(815301076,1909f56bfc062723c751e8b465ee728b)
Start importing Assets/Sprites/UI Assets/In-Game/Player2_HeldPowerup.png using Guid(1cfd29d908114ec428fcc645fd9d8b27) Importer(815301076,1909f56bfc062723c751e8b465ee728b)  -> (artifact id: '780a0421315a76f0b34c7fb20a10909f') in 0.015969 seconds 
  Import took 0.019084 seconds .

========================================================================
Received Import Request.
  Time since last request: 0.022404 seconds.
  path: Assets/Sprites/Player2 Assets/Player2_Jump/Player2_Jump2.png
  artifactKey: Guid(ffbecdb5f2a40f940970e7627d892e77) Importer(815301076,1909f56bfc062723c751e8b465ee728b)
Start importing Assets/Sprites/Player2 Assets/Player2_Jump/Player2_Jump2.png using Guid(ffbecdb5f2a40f940970e7627d892e77) Importer(815301076,1909f56bfc062723c751e8b465ee728b)  -> (artifact id: 'fd246ca90babecf60f216793ef4ae7f9') in 0.014710 seconds 
  Import took 0.018723 seconds .

========================================================================
Received Import Request.
  Time since last request: 0.066359 seconds.
  path: Assets/Sprites/Player2 Assets/Player2_WallGrip.png
  artifactKey: Guid(588acfa27082f6d41b416aaed4ed49e7) Importer(815301076,1909f56bfc062723c751e8b465ee728b)
Start importing Assets/Sprites/Player2 Assets/Player2_WallGrip.png using Guid(588acfa27082f6d41b416aaed4ed49e7) Importer(815301076,1909f56bfc062723c751e8b465ee728b)  -> (artifact id: '5b59d3a748ca29abed038d9279ff5867') in 0.013457 seconds 
  Import took 0.016911 seconds .

========================================================================
Received Import Request.
  Time since last request: 0.000220 seconds.
  path: Assets/Sprites/UI Assets/In-Game/Active Powerup Timer/PowerupTimer_0s.png
  artifactKey: Guid(d1f3c50108cc66c44bdf3329f2c6790a) Importer(815301076,1909f56bfc062723c751e8b465ee728b)
Start importing Assets/Sprites/UI Assets/In-Game/Active Powerup Timer/PowerupTimer_0s.png using Guid(d1f3c50108cc66c44bdf3329f2c6790a) Importer(815301076,1909f56bfc062723c751e8b465ee728b)  -> (artifact id: '400fd007fac0dd8280b32526896179b4') in 0.014324 seconds 
  Import took 0.017785 seconds .

========================================================================
Received Import Request.
  Time since last request: 0.000191 seconds.
  path: Assets/Sprites/UI Assets/In-Game/Active Powerup Timer/PowerupTimer_1s.png
  artifactKey: Guid(bebf18ee232516e4899025d209c09421) Importer(815301076,1909f56bfc062723c751e8b465ee728b)
Start importing Assets/Sprites/UI Assets/In-Game/Active Powerup Timer/PowerupTimer_1s.png using Guid(bebf18ee232516e4899025d209c09421) Importer(815301076,1909f56bfc062723c751e8b465ee728b)  -> (artifact id: '371edf284d745d69dedb3856fc36674c') in 0.015369 seconds 
  Import took 0.018849 seconds .

========================================================================
Received Import Request.
  Time since last request: 0.000266 seconds.
  path: Assets/Sprites/UI Assets/In-Game/Active Powerup Timer/PowerupTimer_2s.png
  artifactKey: Guid(a24c2d9ed5334854dae395ce79007c6b) Importer(815301076,1909f56bfc062723c751e8b465ee728b)
Start importing Assets/Sprites/UI Assets/In-Game/Active Powerup Timer/PowerupTimer_2s.png using Guid(a24c2d9ed5334854dae395ce79007c6b) Importer(815301076,1909f56bfc062723c751e8b465ee728b)  -> (artifact id: '034d20a3b38258ee51b06fce064876a3') in 0.015097 seconds 
  Import took 0.018482 seconds .

========================================================================
Received Import Request.
  Time since last request: 0.026453 seconds.
  path: Assets/Sprites/UI Assets/In-Game/Active Powerup Timer/PowerupTimer_3s.png
  artifactKey: Guid(d8652981c70a5b54c88e94584a889980) Importer(815301076,1909f56bfc062723c751e8b465ee728b)
Start importing Assets/Sprites/UI Assets/In-Game/Active Powerup Timer/PowerupTimer_3s.png using Guid(d8652981c70a5b54c88e94584a889980) Importer(815301076,1909f56bfc062723c751e8b465ee728b)  -> (artifact id: 'a8ce438150849d71b4aa0e973388c5a9') in 0.014186 seconds 
  Import took 0.017561 seconds .

========================================================================
Received Import Request.
  Time since last request: 0.000205 seconds.
  path: Assets/Sprites/UI Assets/In-Game/Active Powerup Timer/PowerupTimer_4s.png
  artifactKey: Guid(b7d376527a3a4ae4e8e4d0e0d734adbf) Importer(815301076,1909f56bfc062723c751e8b465ee728b)
Start importing Assets/Sprites/UI Assets/In-Game/Active Powerup Timer/PowerupTimer_4s.png using Guid(b7d376527a3a4ae4e8e4d0e0d734adbf) Importer(815301076,1909f56bfc062723c751e8b465ee728b)  -> (artifact id: 'bf17fa3235a3783f27b359d846bce13f') in 0.014639 seconds 
  Import took 0.017893 seconds .

========================================================================
Received Import Request.
  Time since last request: 0.047728 seconds.
  path: Assets/Sprites/UI Assets/In-Game/Active Powerup Timer/PowerupTimer_5s.png
  artifactKey: Guid(cb0b49db783b86d468d976ef0e25578d) Importer(815301076,1909f56bfc062723c751e8b465ee728b)
Start importing Assets/Sprites/UI Assets/In-Game/Active Powerup Timer/PowerupTimer_5s.png using Guid(cb0b49db783b86d468d976ef0e25578d) Importer(815301076,1909f56bfc062723c751e8b465ee728b)  -> (artifact id: 'e87869fa14b088d915e827a3c2b3c565') in 0.018669 seconds 
  Import took 0.023613 seconds .

========================================================================
Received Import Request.
  Time since last request: 0.000200 seconds.
  path: Assets/Sprites/UI Assets/In-Game/Active Powerup Timer/PowerupTimer_6s.png
  artifactKey: Guid(c6f79fcb05a91e24ca22eedd886e1ab1) Importer(815301076,1909f56bfc062723c751e8b465ee728b)
Start importing Assets/Sprites/UI Assets/In-Game/Active Powerup Timer/PowerupTimer_6s.png using Guid(c6f79fcb05a91e24ca22eedd886e1ab1) Importer(815301076,1909f56bfc062723c751e8b465ee728b)  -> (artifact id: '280fbbbee770348a02a32c1e64886fed') in 0.014365 seconds 
  Import took 0.017480 seconds .

========================================================================
Received Import Request.
  Time since last request: 0.260731 seconds.
  path: Assets/Sprites/UI Assets/In-Game/Active Powerup Timer/PowerupTimer_7s.png
  artifactKey: Guid(88e1f439fbb36364886d0d5c80004cd4) Importer(815301076,1909f56bfc062723c751e8b465ee728b)
Start importing Assets/Sprites/UI Assets/In-Game/Active Powerup Timer/PowerupTimer_7s.png using Guid(88e1f439fbb36364886d0d5c80004cd4) Importer(815301076,1909f56bfc062723c751e8b465ee728b)  -> (artifact id: 'b06ad7971bd09213466f1d0d7a734513') in 0.016177 seconds 
  Import took 0.019918 seconds .

========================================================================
Received Import Request.
  Time since last request: 0.000273 seconds.
  path: Assets/Sprites/Power-up Assets/rewind.png
  artifactKey: Guid(93a965f1b30772244981e9f42112e90d) Importer(815301076,1909f56bfc062723c751e8b465ee728b)
Start importing Assets/Sprites/Power-up Assets/rewind.png using Guid(93a965f1b30772244981e9f42112e90d) Importer(815301076,1909f56bfc062723c751e8b465ee728b)  -> (artifact id: 'f4e7a3f90b357431d63c85c27ad4a1d2') in 0.015946 seconds 
  Import took 0.019786 seconds .

========================================================================
Received Import Request.
  Time since last request: 0.000472 seconds.
  path: Assets/Sprites/UI Assets/In-Game/Active Powerup Timer/PowerupTimer_8s.png
  artifactKey: Guid(090e44363fed0af449c653db18ba45bc) Importer(815301076,1909f56bfc062723c751e8b465ee728b)
Start importing Assets/Sprites/UI Assets/In-Game/Active Powerup Timer/PowerupTimer_8s.png using Guid(090e44363fed0af449c653db18ba45bc) Importer(815301076,1909f56bfc062723c751e8b465ee728b)  -> (artifact id: 'd84f78672b883e97cc0b37022be87ce3') in 0.015696 seconds 
  Import took 0.019687 seconds .

========================================================================
Received Import Request.
  Time since last request: 0.000244 seconds.
  path: Assets/Sprites/UI Assets/Menu/quit button.png
  artifactKey: Guid(3848d5223db364e4398d454019e95929) Importer(815301076,1909f56bfc062723c751e8b465ee728b)
Start importing Assets/Sprites/UI Assets/Menu/quit button.png using Guid(3848d5223db364e4398d454019e95929) Importer(815301076,1909f56bfc062723c751e8b465ee728b)  -> (artifact id: '010193b3529957ccb09194cd265939c8') in 0.016803 seconds 
  Import took 0.020928 seconds .

========================================================================
Received Import Request.
  Time since last request: 0.000212 seconds.
  path: Assets/Sprites/Power-up Assets/stop.png
  artifactKey: Guid(3e8e6d6229683d745a6eebb233d9e2fb) Importer(815301076,1909f56bfc062723c751e8b465ee728b)
Start importing Assets/Sprites/Power-up Assets/stop.png using Guid(3e8e6d6229683d745a6eebb233d9e2fb) Importer(815301076,1909f56bfc062723c751e8b465ee728b)  -> (artifact id: '8401ad118a48b6633ac485c80fe8f05c') in 0.015346 seconds 
  Import took 0.019122 seconds .

========================================================================
Received Import Request.
  Time since last request: 0.000178 seconds.
  path: Assets/Sprites/Checkpoint Assets/Unfold_2.png
  artifactKey: Guid(d3b621407be7d36408f0e53ea234f1c7) Importer(815301076,1909f56bfc062723c751e8b465ee728b)
Start importing Assets/Sprites/Checkpoint Assets/Unfold_2.png using Guid(d3b621407be7d36408f0e53ea234f1c7) Importer(815301076,1909f56bfc062723c751e8b465ee728b)  -> (artifact id: '36bbb8c279cab0881643e9a29392ec7a') in 0.015890 seconds 
  Import took 0.019995 seconds .

========================================================================
Received Import Request.
  Time since last request: 0.000254 seconds.
  path: Assets/Sprites/Platforms and Obstacles/spike pit spikes.png
  artifactKey: Guid(51b6d44043e29184380bc055bdf92ff3) Importer(815301076,1909f56bfc062723c751e8b465ee728b)
Start importing Assets/Sprites/Platforms and Obstacles/spike pit spikes.png using Guid(51b6d44043e29184380bc055bdf92ff3) Importer(815301076,1909f56bfc062723c751e8b465ee728b)  -> (artifact id: 'ed045f34c394b2038c336934617dbe12') in 0.014452 seconds 
  Import took 0.018050 seconds .

========================================================================
Received Import Request.
  Time since last request: 0.000179 seconds.
  path: Assets/Sprites/Platforms and Obstacles/Time-Leap-Obstacles_0004_death-gear.png
  artifactKey: Guid(84b3499a1e35542418bdf814f0212e6b) Importer(815301076,1909f56bfc062723c751e8b465ee728b)
Start importing Assets/Sprites/Platforms and Obstacles/Time-Leap-Obstacles_0004_death-gear.png using Guid(84b3499a1e35542418bdf814f0212e6b) Importer(815301076,1909f56bfc062723c751e8b465ee728b)  -> (artifact id: '0b5910b0073b7a3fc01ae2840c531f05') in 0.015774 seconds 
  Import took 0.019078 seconds .

========================================================================
Received Import Request.
  Time since last request: 0.000239 seconds.
  path: Assets/Sprites/Checkpoint Assets/Unfold_4.png
  artifactKey: Guid(b9c45792942e40242ac9c0994900acee) Importer(815301076,1909f56bfc062723c751e8b465ee728b)
Start importing Assets/Sprites/Checkpoint Assets/Unfold_4.png using Guid(b9c45792942e40242ac9c0994900acee) Importer(815301076,1909f56bfc062723c751e8b465ee728b)  -> (artifact id: 'b57979540ebf097689c44b366bbd8253') in 0.014437 seconds 
  Import took 0.017753 seconds .

========================================================================
Received Import Request.
  Time since last request: 0.000192 seconds.
  path: Assets/Sprites/Power-up Assets/speed-up.png
  artifactKey: Guid(e489a561a288ac9418fc84f04ce64bff) Importer(815301076,1909f56bfc062723c751e8b465ee728b)
Start importing Assets/Sprites/Power-up Assets/speed-up.png using Guid(e489a561a288ac9418fc84f04ce64bff) Importer(815301076,1909f56bfc062723c751e8b465ee728b)  -> (artifact id: 'c2e2da73ce98d603bc0632f59589d05d') in 0.015052 seconds 
  Import took 0.018705 seconds .

========================================================================
Received Import Request.
  Time since last request: 0.000204 seconds.
  path: Assets/Sprites/Checkpoint Assets/Unfold_1.png
  artifactKey: Guid(15cdd1b33b08fad48b42ef3845d959b8) Importer(815301076,1909f56bfc062723c751e8b465ee728b)
Start importing Assets/Sprites/Checkpoint Assets/Unfold_1.png using Guid(15cdd1b33b08fad48b42ef3845d959b8) Importer(815301076,1909f56bfc062723c751e8b465ee728b)  -> (artifact id: 'd4bcf041d186daa7ab64535157a99fba') in 0.014162 seconds 
  Import took 0.017611 seconds .

========================================================================
Received Import Request.
  Time since last request: 0.000188 seconds.
  path: Assets/Sprites/Power-up Assets/slow-down.png
  artifactKey: Guid(b972c57487218194dabb2aba321d4a1d) Importer(815301076,1909f56bfc062723c751e8b465ee728b)
Start importing Assets/Sprites/Power-up Assets/slow-down.png using Guid(b972c57487218194dabb2aba321d4a1d) Importer(815301076,1909f56bfc062723c751e8b465ee728b)  -> (artifact id: '8739936a0f9b921cb65789ba109971bf') in 0.014990 seconds 
  Import took 0.018521 seconds .

========================================================================
Received Import Request.
  Time since last request: 0.000170 seconds.
  path: Assets/Sprites/Checkpoint Assets/Unfold_5.png
  artifactKey: Guid(316d658a0644a554cb673847abc137cf) Importer(815301076,1909f56bfc062723c751e8b465ee728b)
Start importing Assets/Sprites/Checkpoint Assets/Unfold_5.png using Guid(316d658a0644a554cb673847abc137cf) Importer(815301076,1909f56bfc062723c751e8b465ee728b)  -> (artifact id: '50b7cb2d280efd761a9b86a1c071d459') in 0.014012 seconds 
  Import took 0.017758 seconds .

========================================================================
Received Import Request.
  Time since last request: 0.000172 seconds.
  path: Assets/Sprites/UI Assets/Menu/Title Screen Without Buttons (1).jpg
  artifactKey: Guid(74cff5af5633f78479b0f540c780dfd3) Importer(815301076,1909f56bfc062723c751e8b465ee728b)
Start importing Assets/Sprites/UI Assets/Menu/Title Screen Without Buttons (1).jpg using Guid(74cff5af5633f78479b0f540c780dfd3) Importer(815301076,1909f56bfc062723c751e8b465ee728b)  -> (artifact id: 'd46bedac29e2d09784acf32881289ae3') in 0.057084 seconds 
  Import took 0.060872 seconds .

========================================================================
Received Import Request.
  Time since last request: 0.000159 seconds.
  path: Assets/Sprites/Checkpoint Assets/Unfold_3.png
  artifactKey: Guid(e8e5d724fea09c549a77dae38823b54f) Importer(815301076,1909f56bfc062723c751e8b465ee728b)
Start importing Assets/Sprites/Checkpoint Assets/Unfold_3.png using Guid(e8e5d724fea09c549a77dae38823b54f) Importer(815301076,1909f56bfc062723c751e8b465ee728b)  -> (artifact id: '072eddefadb41177053a5bf38b4d6bde') in 0.014086 seconds 
  Import took 0.017139 seconds .

========================================================================
Received Prepare
Registering precompiled user dll's ...
Registered in 0.005256 seconds.
Begin MonoManager ReloadAssembly
Native extension for WindowsStandalone target not found
Refreshing native plugins compatible for Editor in 0.48 ms, found 3 plugins.
Preloading 0 native plugins for Editor in 0.00 ms.
Mono: successfully reloaded assembly
- Completed reload, in  0.916 seconds
Domain Reload Profiling:
	ReloadAssembly (916ms)
		BeginReloadAssembly (111ms)
			ExecutionOrderSort (0ms)
			DisableScriptedObjects (5ms)
			BackupInstance (0ms)
			ReleaseScriptingObjects (0ms)
			CreateAndSetChildDomain (30ms)
		EndReloadAssembly (747ms)
			LoadAssemblies (80ms)
			RebuildTransferFunctionScriptingTraits (0ms)
			SetupTypeCache (264ms)
			ReleaseScriptCaches (1ms)
			RebuildScriptCaches (35ms)
			SetupLoadedEditorAssemblies (278ms)
				LogAssemblyErrors (0ms)
				InitializePlatformSupportModulesInManaged (3ms)
				SetLoadedEditorAssemblies (0ms)
				RefreshPlugins (1ms)
				BeforeProcessingInitializeOnLoad (83ms)
				ProcessInitializeOnLoadAttributes (174ms)
				ProcessInitializeOnLoadMethodAttributes (9ms)
				AfterProcessingInitializeOnLoad (8ms)
				EditorAssembliesLoaded (0ms)
			ExecutionOrderSort2 (0ms)
			AwakeInstancesAfterBackupRestoration (8ms)
Platform modules already initialized, skipping
Refreshing native plugins compatible for Editor in 0.47 ms, found 3 plugins.
Preloading 0 native plugins for Editor in 0.00 ms.
Unloading 2492 Unused Serialized files (Serialized files now loaded: 0)
System memory in use before: 109.9 MB.
System memory in use after: 110.1 MB.

Unloading 17 unused Assets to reduce memory usage. Loaded Objects now: 2968.
Total: 3.369000 ms (FindLiveObjects: 0.228700 ms CreateObjectMapping: 0.157700 ms MarkObjects: 2.961400 ms  DeleteObjects: 0.020100 ms)

AssetImportParameters requested are different than current active one (requested -> active):
  custom:framework-win-MediaFoundation: 216162199b28c13a410421893ffa2e32 -> 
  custom:video-decoder-ogg-theora: a1e56fd34408186e4bbccfd4996cb3dc -> 
  custom:container-muxer-webm: aa71ff27fc2769a1b78a27578f13a17b -> 
  custom:container-demuxer-webm: 4f35f7cbe854078d1ac9338744f61a02 -> 
  custom:container-demuxer-ogg: 62fdf1f143b41e24485cea50d1cbac27 -> 
  custom:video-encoder-webm-vp8: eb34c28f22e8b96e1ab97ce403110664 -> 
  custom:video-codec-MediaFoundation-h265: 746d11721c4dcdbdad8f713fa42b33f4 -> 
  custom:video-decoder-webm-vp8: 9c59270c3fd7afecdb556c50c9e8de78 -> 
  custom:audio-decoder-ogg-vorbis: bf7c407c2cedff20999df2af8eb42d56 -> 
  custom:audio-encoder-webm-vorbis: bf7c407c2cedff20999df2af8eb42d56 -> 
========================================================================
Received Prepare
Registering precompiled user dll's ...
Registered in 0.005075 seconds.
Begin MonoManager ReloadAssembly
Native extension for WindowsStandalone target not found
Refreshing native plugins compatible for Editor in 0.48 ms, found 3 plugins.
Preloading 0 native plugins for Editor in 0.00 ms.
Mono: successfully reloaded assembly
- Completed reload, in  0.926 seconds
Domain Reload Profiling:
	ReloadAssembly (926ms)
		BeginReloadAssembly (105ms)
			ExecutionOrderSort (0ms)
			DisableScriptedObjects (5ms)
			BackupInstance (0ms)
			ReleaseScriptingObjects (0ms)
			CreateAndSetChildDomain (29ms)
		EndReloadAssembly (768ms)
			LoadAssemblies (78ms)
			RebuildTransferFunctionScriptingTraits (0ms)
			SetupTypeCache (289ms)
			ReleaseScriptCaches (1ms)
			RebuildScriptCaches (34ms)
			SetupLoadedEditorAssemblies (274ms)
				LogAssemblyErrors (0ms)
				InitializePlatformSupportModulesInManaged (3ms)
				SetLoadedEditorAssemblies (0ms)
				RefreshPlugins (1ms)
				BeforeProcessingInitializeOnLoad (81ms)
				ProcessInitializeOnLoadAttributes (172ms)
				ProcessInitializeOnLoadMethodAttributes (10ms)
				AfterProcessingInitializeOnLoad (7ms)
				EditorAssembliesLoaded (0ms)
			ExecutionOrderSort2 (0ms)
			AwakeInstancesAfterBackupRestoration (10ms)
Platform modules already initialized, skipping
Refreshing native plugins compatible for Editor in 0.49 ms, found 3 plugins.
Preloading 0 native plugins for Editor in 0.00 ms.
Unloading 2492 Unused Serialized files (Serialized files now loaded: 0)
System memory in use before: 110.0 MB.
System memory in use after: 110.2 MB.

Unloading 17 unused Assets to reduce memory usage. Loaded Objects now: 2970.
Total: 3.005100 ms (FindLiveObjects: 0.243900 ms CreateObjectMapping: 0.116000 ms MarkObjects: 2.604400 ms  DeleteObjects: 0.039300 ms)

AssetImportParameters requested are different than current active one (requested -> active):
  custom:framework-win-MediaFoundation: 216162199b28c13a410421893ffa2e32 -> 
  custom:video-decoder-ogg-theora: a1e56fd34408186e4bbccfd4996cb3dc -> 
  custom:container-muxer-webm: aa71ff27fc2769a1b78a27578f13a17b -> 
  custom:container-demuxer-webm: 4f35f7cbe854078d1ac9338744f61a02 -> 
  custom:container-demuxer-ogg: 62fdf1f143b41e24485cea50d1cbac27 -> 
  custom:video-encoder-webm-vp8: eb34c28f22e8b96e1ab97ce403110664 -> 
  custom:video-codec-MediaFoundation-h265: 746d11721c4dcdbdad8f713fa42b33f4 -> 
  custom:video-decoder-webm-vp8: 9c59270c3fd7afecdb556c50c9e8de78 -> 
  custom:audio-decoder-ogg-vorbis: bf7c407c2cedff20999df2af8eb42d56 -> 
  custom:audio-encoder-webm-vorbis: bf7c407c2cedff20999df2af8eb42d56 -> 
========================================================================
Received Prepare
Registering precompiled user dll's ...
Registered in 0.005281 seconds.
Begin MonoManager ReloadAssembly
Native extension for WindowsStandalone target not found
Refreshing native plugins compatible for Editor in 0.47 ms, found 3 plugins.
Preloading 0 native plugins for Editor in 0.00 ms.
Mono: successfully reloaded assembly
- Completed reload, in  0.937 seconds
Domain Reload Profiling:
	ReloadAssembly (937ms)
		BeginReloadAssembly (124ms)
			ExecutionOrderSort (0ms)
			DisableScriptedObjects (5ms)
			BackupInstance (0ms)
			ReleaseScriptingObjects (0ms)
			CreateAndSetChildDomain (33ms)
		EndReloadAssembly (760ms)
			LoadAssemblies (80ms)
			RebuildTransferFunctionScriptingTraits (0ms)
			SetupTypeCache (268ms)
			ReleaseScriptCaches (1ms)
			RebuildScriptCaches (35ms)
			SetupLoadedEditorAssemblies (282ms)
				LogAssemblyErrors (0ms)
				InitializePlatformSupportModulesInManaged (3ms)
				SetLoadedEditorAssemblies (0ms)
				RefreshPlugins (1ms)
				BeforeProcessingInitializeOnLoad (81ms)
				ProcessInitializeOnLoadAttributes (180ms)
				ProcessInitializeOnLoadMethodAttributes (10ms)
				AfterProcessingInitializeOnLoad (8ms)
				EditorAssembliesLoaded (0ms)
			ExecutionOrderSort2 (0ms)
			AwakeInstancesAfterBackupRestoration (8ms)
Platform modules already initialized, skipping
Refreshing native plugins compatible for Editor in 0.48 ms, found 3 plugins.
Preloading 0 native plugins for Editor in 0.00 ms.
Unloading 2492 Unused Serialized files (Serialized files now loaded: 0)
System memory in use before: 110.0 MB.
System memory in use after: 110.2 MB.

Unloading 17 unused Assets to reduce memory usage. Loaded Objects now: 2972.
Total: 2.811300 ms (FindLiveObjects: 0.233200 ms CreateObjectMapping: 0.116600 ms MarkObjects: 2.445900 ms  DeleteObjects: 0.014800 ms)

AssetImportParameters requested are different than current active one (requested -> active):
  custom:framework-win-MediaFoundation: 216162199b28c13a410421893ffa2e32 -> 
  custom:video-decoder-ogg-theora: a1e56fd34408186e4bbccfd4996cb3dc -> 
  custom:container-muxer-webm: aa71ff27fc2769a1b78a27578f13a17b -> 
  custom:container-demuxer-webm: 4f35f7cbe854078d1ac9338744f61a02 -> 
  custom:container-demuxer-ogg: 62fdf1f143b41e24485cea50d1cbac27 -> 
  custom:video-encoder-webm-vp8: eb34c28f22e8b96e1ab97ce403110664 -> 
  custom:video-codec-MediaFoundation-h265: 746d11721c4dcdbdad8f713fa42b33f4 -> 
  custom:video-decoder-webm-vp8: 9c59270c3fd7afecdb556c50c9e8de78 -> 
  custom:audio-decoder-ogg-vorbis: bf7c407c2cedff20999df2af8eb42d56 -> 
  custom:audio-encoder-webm-vorbis: bf7c407c2cedff20999df2af8eb42d56 -> 
AssetImportWorkerClient::OnTransportError - code=2 error=End of file
